mode: set
gin-quickstart/internal/service/article_service.go:49.70,51.2 1 1
gin-quickstart/internal/service/article_service.go:53.151,59.35 3 1
gin-quickstart/internal/service/article_service.go:59.35,62.3 1 1
gin-quickstart/internal/service/article_service.go:64.2,76.37 3 1
gin-quickstart/internal/service/article_service.go:76.37,78.3 1 1
gin-quickstart/internal/service/article_service.go:80.2,80.59 1 1
gin-quickstart/internal/service/article_service.go:80.59,82.3 1 0
gin-quickstart/internal/service/article_service.go:85.2,86.16 2 1
gin-quickstart/internal/service/article_service.go:86.16,88.3 1 0
gin-quickstart/internal/service/article_service.go:90.2,90.40 1 1
gin-quickstart/internal/service/article_service.go:93.99,95.16 2 1
gin-quickstart/internal/service/article_service.go:95.16,96.45 1 1
gin-quickstart/internal/service/article_service.go:96.45,98.4 1 1
gin-quickstart/internal/service/article_service.go:99.3,99.18 1 0
gin-quickstart/internal/service/article_service.go:103.2,103.12 1 1
gin-quickstart/internal/service/article_service.go:103.12,105.3 1 1
gin-quickstart/internal/service/article_service.go:107.2,107.40 1 1
gin-quickstart/internal/service/article_service.go:110.112,112.16 2 1
gin-quickstart/internal/service/article_service.go:112.16,113.45 1 1
gin-quickstart/internal/service/article_service.go:113.45,115.4 1 1
gin-quickstart/internal/service/article_service.go:116.3,116.18 1 0
gin-quickstart/internal/service/article_service.go:119.2,119.40 1 1
gin-quickstart/internal/service/article_service.go:122.145,124.18 2 1
gin-quickstart/internal/service/article_service.go:124.18,126.3 1 1
gin-quickstart/internal/service/article_service.go:127.2,127.21 1 1
gin-quickstart/internal/service/article_service.go:127.21,129.3 1 1
gin-quickstart/internal/service/article_service.go:131.2,133.16 3 1
gin-quickstart/internal/service/article_service.go:133.16,135.3 1 0
gin-quickstart/internal/service/article_service.go:137.2,138.35 2 1
gin-quickstart/internal/service/article_service.go:138.35,140.3 1 1
gin-quickstart/internal/service/article_service.go:142.2,147.8 1 1
gin-quickstart/internal/service/article_service.go:150.164,152.16 2 1
gin-quickstart/internal/service/article_service.go:152.16,153.45 1 0
gin-quickstart/internal/service/article_service.go:153.45,155.4 1 0
gin-quickstart/internal/service/article_service.go:156.3,156.18 1 0
gin-quickstart/internal/service/article_service.go:160.2,160.32 1 1
gin-quickstart/internal/service/article_service.go:160.32,162.3 1 1
gin-quickstart/internal/service/article_service.go:165.2,165.32 1 1
gin-quickstart/internal/service/article_service.go:165.32,167.3 1 1
gin-quickstart/internal/service/article_service.go:170.2,170.17 1 1
gin-quickstart/internal/service/article_service.go:170.17,174.30 3 1
gin-quickstart/internal/service/article_service.go:174.30,177.66 2 1
gin-quickstart/internal/service/article_service.go:177.66,179.5 1 0
gin-quickstart/internal/service/article_service.go:180.4,180.26 1 1
gin-quickstart/internal/service/article_service.go:183.2,183.19 1 1
gin-quickstart/internal/service/article_service.go:183.19,185.3 1 1
gin-quickstart/internal/service/article_service.go:186.2,186.19 1 1
gin-quickstart/internal/service/article_service.go:186.19,188.3 1 1
gin-quickstart/internal/service/article_service.go:191.2,191.46 1 1
gin-quickstart/internal/service/article_service.go:191.46,193.68 2 1
gin-quickstart/internal/service/article_service.go:193.68,196.4 2 1
gin-quickstart/internal/service/article_service.go:200.2,202.59 2 1
gin-quickstart/internal/service/article_service.go:202.59,204.3 1 0
gin-quickstart/internal/service/article_service.go:207.2,208.16 2 1
gin-quickstart/internal/service/article_service.go:208.16,210.3 1 0
gin-quickstart/internal/service/article_service.go:212.2,212.40 1 1
gin-quickstart/internal/service/article_service.go:215.82,217.16 2 1
gin-quickstart/internal/service/article_service.go:217.16,218.45 1 1
gin-quickstart/internal/service/article_service.go:218.45,220.4 1 1
gin-quickstart/internal/service/article_service.go:221.3,221.13 1 0
gin-quickstart/internal/service/article_service.go:225.2,225.32 1 1
gin-quickstart/internal/service/article_service.go:225.32,227.3 1 1
gin-quickstart/internal/service/article_service.go:229.2,229.38 1 1
gin-quickstart/internal/service/article_service.go:232.74,250.27 2 1
gin-quickstart/internal/service/article_service.go:250.27,252.3 1 1
gin-quickstart/internal/service/article_service.go:254.2,254.13 1 1
gin-quickstart/internal/service/auth_service.go:46.15,53.2 1 1
gin-quickstart/internal/service/auth_service.go:55.115,57.46 1 1
gin-quickstart/internal/service/auth_service.go:57.46,59.3 1 1
gin-quickstart/internal/service/auth_service.go:60.2,60.52 1 1
gin-quickstart/internal/service/auth_service.go:60.52,62.3 1 1
gin-quickstart/internal/service/auth_service.go:65.2,66.16 2 1
gin-quickstart/internal/service/auth_service.go:66.16,68.3 1 0
gin-quickstart/internal/service/auth_service.go:71.2,78.53 2 1
gin-quickstart/internal/service/auth_service.go:78.53,80.3 1 0
gin-quickstart/internal/service/auth_service.go:83.2,83.36 1 1
gin-quickstart/internal/service/auth_service.go:86.109,89.16 2 1
gin-quickstart/internal/service/auth_service.go:89.16,91.3 1 1
gin-quickstart/internal/service/auth_service.go:94.2,94.58 1 1
gin-quickstart/internal/service/auth_service.go:94.58,96.3 1 1
gin-quickstart/internal/service/auth_service.go:99.2,99.36 1 1
gin-quickstart/internal/service/auth_service.go:102.78,105.16 2 1
gin-quickstart/internal/service/auth_service.go:105.16,108.3 1 1
gin-quickstart/internal/service/auth_service.go:111.2,111.52 1 1
gin-quickstart/internal/service/auth_service.go:114.121,116.76 1 1
gin-quickstart/internal/service/auth_service.go:116.76,118.3 1 0
gin-quickstart/internal/service/auth_service.go:121.2,122.16 2 1
gin-quickstart/internal/service/auth_service.go:122.16,124.3 1 0
gin-quickstart/internal/service/auth_service.go:127.2,127.22 1 1
gin-quickstart/internal/service/auth_service.go:127.22,129.3 1 1
gin-quickstart/internal/service/auth_service.go:132.2,133.16 2 1
gin-quickstart/internal/service/auth_service.go:133.16,135.3 1 0
gin-quickstart/internal/service/auth_service.go:138.2,138.68 1 1
gin-quickstart/internal/service/auth_service.go:138.68,140.3 1 0
gin-quickstart/internal/service/auth_service.go:143.2,144.16 2 1
gin-quickstart/internal/service/auth_service.go:144.16,146.3 1 0
gin-quickstart/internal/service/auth_service.go:148.2,149.16 2 1
gin-quickstart/internal/service/auth_service.go:149.16,151.3 1 0
gin-quickstart/internal/service/auth_service.go:154.2,159.65 2 1
gin-quickstart/internal/service/auth_service.go:159.65,161.3 1 0
gin-quickstart/internal/service/auth_service.go:163.2,167.8 1 1
gin-quickstart/internal/service/auth_service.go:170.78,172.2 1 1
gin-quickstart/internal/service/auth_service.go:174.109,177.16 2 1
gin-quickstart/internal/service/auth_service.go:177.16,179.3 1 0
gin-quickstart/internal/service/auth_service.go:182.2,183.16 2 1
gin-quickstart/internal/service/auth_service.go:183.16,185.3 1 0
gin-quickstart/internal/service/auth_service.go:188.2,193.62 2 1
gin-quickstart/internal/service/auth_service.go:193.62,195.3 1 0
gin-quickstart/internal/service/auth_service.go:197.2,202.8 1 1
gin-quickstart/internal/service/auth_service.go:205.62,216.2 1 1
gin-quickstart/internal/service/user_service.go:31.69,33.2 1 1
gin-quickstart/internal/service/user_service.go:35.93,37.16 2 1
gin-quickstart/internal/service/user_service.go:37.16,38.45 1 1
gin-quickstart/internal/service/user_service.go:38.45,40.4 1 1
gin-quickstart/internal/service/user_service.go:41.3,41.18 1 0
gin-quickstart/internal/service/user_service.go:44.2,44.34 1 1
gin-quickstart/internal/service/user_service.go:47.95,49.16 2 1
gin-quickstart/internal/service/user_service.go:49.16,50.45 1 1
gin-quickstart/internal/service/user_service.go:50.45,52.4 1 1
gin-quickstart/internal/service/user_service.go:53.3,53.18 1 0
gin-quickstart/internal/service/user_service.go:56.2,56.34 1 1
gin-quickstart/internal/service/user_service.go:59.130,61.16 2 1
gin-quickstart/internal/service/user_service.go:61.16,62.45 1 1
gin-quickstart/internal/service/user_service.go:62.45,64.4 1 1
gin-quickstart/internal/service/user_service.go:65.3,65.18 1 0
gin-quickstart/internal/service/user_service.go:69.2,69.24 1 1
gin-quickstart/internal/service/user_service.go:69.24,71.3 1 1
gin-quickstart/internal/service/user_service.go:72.2,72.25 1 1
gin-quickstart/internal/service/user_service.go:72.25,74.3 1 1
gin-quickstart/internal/service/user_service.go:75.2,75.19 1 1
gin-quickstart/internal/service/user_service.go:75.19,77.3 1 1
gin-quickstart/internal/service/user_service.go:79.2,79.53 1 1
gin-quickstart/internal/service/user_service.go:79.53,81.3 1 0
gin-quickstart/internal/service/user_service.go:83.2,83.34 1 1
